This file contains several test cases to test the add_integer function

import the add_integer function from 0-add_integer module

	>>> add_integer = __import__('0-add_integer').add_integer

Checking for module docstring:
	>>> m = __import__('0-add_integer').__doc__
	>>> len(m) > 1
	True

Checking for function docstring:
	>>> m = __import__('0-add_integer').add_integer.__doc__
        >>> len(m) > 1
        True

The following are the test cases:

	>>> add_integer(2)
	100

	>>> add_integer(2, 4)
	6

	>>> add_integer(-2, -2)
	-4

	>>> add_integer(1, -1)
	0

	>>> add_integer(-2)
	96

	>>> add_integer(2, 'H')
	Traceback (most recent call last):
		...
	TypeError: b must be an integer

	>>> add_integer('A', 2)
	Traceback (most recent call last):
		...
	TypeError: a must be an integer

	>>> add_integer(None)
	Traceback (most recent call last):
		...
	TypeError: a must be an integer

	>>> add_integer(2, None)
	Traceback (most recent call last):
		...
	TypeError: b must be an integer

	>>> add_integer([2, 3, 4], 2)
	Traceback (most recent call last):
		...
	TypeError: a must be an integer

	>>> add_integer(2, [2, 3, 4])
	Traceback (most recent call last):
		...
	TypeError: b must be an integer

	>>> add_integer((2, 3, 4), 2)
        Traceback (most recent call last):
                ...
        TypeError: a must be an integer

        >>> add_integer(2, (2, 3, 4))
        Traceback (most recent call last):
                ...
        TypeError: b must be an integer

	>>> add_integer(0)
	98

	>>> add_integer(0, 0)
	0

	>>> add_integer(30.23, 2)
	32

	>>> add_integer(2, 2.22)
	4

	>>> add_integer(3.1, 3.1)
	6

	>>> add_integer()
	Traceback (most recent call last):
		...
	TypeError: add_integer() missing 1 required positional argument: 'a'

	>>> add_integer(2222222222222222222222222, 9999999999999999999999999)
	12222222222222222222222221

	>>> add_integer(1.0e308 * 10, 1.0e29)
        Traceback (most recent call last):
		...
	OverflowError: cannot convert float infinity to integer
	>>> add_integer(2, float("scope"))
        Traceback (most recent call last):
                ...
        ValueError: could not convert string to float: 'scope'
